  FuzzyNumber.cpp
C:\Users\Admin\Desktop\Лабка 1.3\OOП 1.3\OOП 1.3\FuzzyNumber.h(18,15): error C2061: syntax error: identifier 'string'
C:\Users\Admin\Desktop\Лабка 1.3\OOП 1.3\OOП 1.3\FuzzyNumber.h(20,9): error C3646: 'toString': unknown override specifier
C:\Users\Admin\Desktop\Лабка 1.3\OOП 1.3\OOП 1.3\FuzzyNumber.h(20,17): error C2059: syntax error: '('
C:\Users\Admin\Desktop\Лабка 1.3\OOП 1.3\OOП 1.3\FuzzyNumber.h(20,19): error C2238: unexpected token(s) preceding ';'
C:\Users\Admin\Desktop\Лабка 1.3\OOП 1.3\OOП 1.3\FuzzyNumber.cpp(19,1): error C2511: 'void FuzzyNumber::Display(std::string)': overloaded member function not found in 'FuzzyNumber'
C:\Users\Admin\Desktop\Лабка 1.3\OOП 1.3\OOП 1.3\FuzzyNumber.h(3): message : see declaration of 'FuzzyNumber'
C:\Users\Admin\Desktop\Лабка 1.3\OOП 1.3\OOП 1.3\FuzzyNumber.cpp(20,20): error C2597: illegal reference to non-static member 'FuzzyNumber::x'
C:\Users\Admin\Desktop\Лабка 1.3\OOП 1.3\OOП 1.3\FuzzyNumber.h(6): message : see declaration of 'FuzzyNumber::x'
C:\Users\Admin\Desktop\Лабка 1.3\OOП 1.3\OOП 1.3\FuzzyNumber.cpp(21,20): error C2597: illegal reference to non-static member 'FuzzyNumber::l'
C:\Users\Admin\Desktop\Лабка 1.3\OOП 1.3\OOП 1.3\FuzzyNumber.h(6): message : see declaration of 'FuzzyNumber::l'
C:\Users\Admin\Desktop\Лабка 1.3\OOП 1.3\OOП 1.3\FuzzyNumber.cpp(22,20): error C2597: illegal reference to non-static member 'FuzzyNumber::r'
C:\Users\Admin\Desktop\Лабка 1.3\OOП 1.3\OOП 1.3\FuzzyNumber.h(6): message : see declaration of 'FuzzyNumber::r'
C:\Users\Admin\Desktop\Лабка 1.3\OOП 1.3\OOП 1.3\FuzzyNumber.cpp(23,37): error C2597: illegal reference to non-static member 'FuzzyNumber::x'
C:\Users\Admin\Desktop\Лабка 1.3\OOП 1.3\OOП 1.3\FuzzyNumber.cpp(23,37): error C3867: 'FuzzyNumber::x': non-standard syntax; use '&' to create a pointer to member
C:\Users\Admin\Desktop\Лабка 1.3\OOП 1.3\OOП 1.3\FuzzyNumber.cpp(23,37): error C2597: illegal reference to non-static member 'FuzzyNumber::l'
C:\Users\Admin\Desktop\Лабка 1.3\OOП 1.3\OOП 1.3\FuzzyNumber.cpp(23,37): error C3867: 'FuzzyNumber::l': non-standard syntax; use '&' to create a pointer to member
C:\Users\Admin\Desktop\Лабка 1.3\OOП 1.3\OOП 1.3\FuzzyNumber.cpp(23,37): error C2568: '-': unable to resolve function overload
C:\Users\Admin\Desktop\Лабка 1.3\OOП 1.3\OOП 1.3\FuzzyNumber.cpp(23,65): error C2597: illegal reference to non-static member 'FuzzyNumber::x'
C:\Users\Admin\Desktop\Лабка 1.3\OOП 1.3\OOП 1.3\FuzzyNumber.cpp(23,65): error C3867: 'FuzzyNumber::x': non-standard syntax; use '&' to create a pointer to member
C:\Users\Admin\Desktop\Лабка 1.3\OOП 1.3\OOП 1.3\FuzzyNumber.cpp(23,65): error C2597: illegal reference to non-static member 'FuzzyNumber::r'
C:\Users\Admin\Desktop\Лабка 1.3\OOП 1.3\OOП 1.3\FuzzyNumber.cpp(23,65): error C3867: 'FuzzyNumber::r': non-standard syntax; use '&' to create a pointer to member
C:\Users\Admin\Desktop\Лабка 1.3\OOП 1.3\OOП 1.3\FuzzyNumber.cpp(23,65): error C2568: '+': unable to resolve function overload
C:\Users\Admin\Desktop\Лабка 1.3\OOП 1.3\OOП 1.3\FuzzyNumber.cpp(40,21): error C2039: 'toString': is not a member of 'FuzzyNumber'
C:\Users\Admin\Desktop\Лабка 1.3\OOП 1.3\OOП 1.3\FuzzyNumber.h(3): message : see declaration of 'FuzzyNumber'
C:\Users\Admin\Desktop\Лабка 1.3\OOП 1.3\OOП 1.3\FuzzyNumber.cpp(42,20): error C2065: 'x': undeclared identifier
C:\Users\Admin\Desktop\Лабка 1.3\OOП 1.3\OOП 1.3\FuzzyNumber.cpp(43,20): error C2065: 'l': undeclared identifier
C:\Users\Admin\Desktop\Лабка 1.3\OOП 1.3\OOП 1.3\FuzzyNumber.cpp(44,20): error C2065: 'r': undeclared identifier
C:\Users\Admin\Desktop\Лабка 1.3\OOП 1.3\OOП 1.3\FuzzyNumber.cpp(68,11): warning C4804: '>': unsafe use of type 'bool' in operation
C:\Users\Admin\Desktop\Лабка 1.3\OOП 1.3\OOП 1.3\FuzzyNumber.cpp(81,11): warning C4804: '>': unsafe use of type 'bool' in operation
  Source.cpp
C:\Users\Admin\Desktop\Лабка 1.3\OOП 1.3\OOП 1.3\FuzzyNumber.h(18,15): error C2061: syntax error: identifier 'string'
C:\Users\Admin\Desktop\Лабка 1.3\OOП 1.3\OOП 1.3\FuzzyNumber.h(20,9): error C3646: 'toString': unknown override specifier
C:\Users\Admin\Desktop\Лабка 1.3\OOП 1.3\OOП 1.3\FuzzyNumber.h(20,17): error C2059: syntax error: '('
C:\Users\Admin\Desktop\Лабка 1.3\OOП 1.3\OOП 1.3\FuzzyNumber.h(20,19): error C2238: unexpected token(s) preceding ';'
C:\Users\Admin\Desktop\Лабка 1.3\OOП 1.3\OOП 1.3\Source.cpp(8,15): error C2660: 'FuzzyNumber::Display': function does not take 1 arguments
C:\Users\Admin\Desktop\Лабка 1.3\OOП 1.3\OOП 1.3\FuzzyNumber.h(18,7): message : see declaration of 'FuzzyNumber::Display'
C:\Users\Admin\Desktop\Лабка 1.3\OOП 1.3\OOП 1.3\Source.cpp(12,15): error C2660: 'FuzzyNumber::Display': function does not take 1 arguments
C:\Users\Admin\Desktop\Лабка 1.3\OOП 1.3\OOП 1.3\FuzzyNumber.h(18,7): message : see declaration of 'FuzzyNumber::Display'
C:\Users\Admin\Desktop\Лабка 1.3\OOП 1.3\OOП 1.3\Source.cpp(17,12): error C2039: 'toString': is not a member of 'FuzzyNumber'
C:\Users\Admin\Desktop\Лабка 1.3\OOП 1.3\OOП 1.3\FuzzyNumber.h(3): message : see declaration of 'FuzzyNumber'
C:\Users\Admin\Desktop\Лабка 1.3\OOП 1.3\OOП 1.3\Source.cpp(22,12): error C2039: 'toString': is not a member of 'FuzzyNumber'
C:\Users\Admin\Desktop\Лабка 1.3\OOП 1.3\OOП 1.3\FuzzyNumber.h(3): message : see declaration of 'FuzzyNumber'
C:\Users\Admin\Desktop\Лабка 1.3\OOП 1.3\OOП 1.3\Source.cpp(27,12): error C2039: 'toString': is not a member of 'FuzzyNumber'
C:\Users\Admin\Desktop\Лабка 1.3\OOП 1.3\OOП 1.3\FuzzyNumber.h(3): message : see declaration of 'FuzzyNumber'
  Generating Code...
